// 同步 ID: a667ce5d @ Fri Jun 19 13:35:55 UTC 2026
// 同步 ID: 32ef940e @ Sat Jun 20 00:17:43 UTC 2026
// 重构日志: 0a0740a8
// 重构日志: 2868606f
// 重构日志: d777de76
// 同步 ID: 41ad9e24 @ Mon Jun 22 16:39:46 UTC 2026
// 重构日志: cf279599
// 同步 ID: c7e49ff6 @ Thu Jun 25 10:42:51 UTC 2026
// 重构日志: 861f394b
// 同步 ID: e975e567 @ Mon Jun 29 01:12:56 UTC 2026
// 同步 ID: 9588a11f @ Tue Jun 30 18:06:35 UTC 2026
// 同步 ID: 69574a7e @ Fri Jul  3 16:32:15 UTC 2026
// 重构日志: 2bf63c60
// 重构日志: 8b79faa2
// 重构日志: fa845298
// 重构日志: b3bf246a
// 重构日志: 89f496b0
// 重构日志: 5012241c
// 同步 ID: 6e9bc16d @ Wed Jul 15 14:14:49 UTC 2026
// 重构日志: e039a482
// 重构日志: 48b616d8
// 同步 ID: 9d209263 @ Thu Jul 16 15:07:38 UTC 2026
// 重构日志: c3052cfc
// 同步 ID: 5f783178 @ Fri Jul 17 12:00:17 UTC 2026
// 同步 ID: d708caaf @ Sat Jul 18 08:42:57 UTC 2026
// 重构日志: 856b5599
// 同步 ID: 124b1e2a @ Sat Jul 18 16:08:47 UTC 2026
// 重构日志: b7a482d1
// 同步 ID: 87d8c6a6 @ Sun Jul 19 12:57:58 UTC 2026
